# JRE version: OpenJDK Runtime Environment (21.0.3) (build 21.0.3+-12282718-b509.11)
# Java VM: OpenJDK 64-Bit Server VM (21.0.3+-12282718-b509.11, mixed mode, tiered, compressed oops, compressed class ptrs, g1 gc, windows-amd64)
GC Precious Log:
 CardTable entry size: 512
 Card Set container configuration: InlinePtr #cards 5 size 8 Array Of Cards #cards 12 size 40 Howl #buckets 4 coarsen threshold 1843 Howl Bitmap #cards 512 size 80 coarsen threshold 460 Card regions per heap region 1 cards per card region 2048
 CPUs: 16 total, 16 available
 Memory: 16088M
 Large Page Support: Disabled
 NUMA Support: Disabled
 Compressed Oops: Enabled (32-bit)
 Heap Region Size: 1M
 Heap Min Capacity: 8M
 Heap Initial Capacity: 252M
 Heap Max Capacity: 2G
 Pre-touch: Disabled
 Parallel Workers: 13
 Concurrent Workers: 3
 Concurrent Refinement Workers: 13
 Periodic GC: Disabled
Heap:
 garbage-first heap   total 181248K, used 115188K [0x0000000080000000, 0x0000000100000000)
  region size 1024K, 24 young (24576K), 4 survivors (4096K)
 Metaspace       used 102001K, committed 103936K, reserved 1179648K
  class space    used 14009K, committed 14976K, reserved 1048576K
GC Heap History (20 events):
Event: 4.716 GC heap before
{Heap before GC invocations=16 (full 0):
 garbage-first heap   total 115712K, used 99732K [0x0000000080000000, 0x0000000100000000)
  region size 1024K, 53 young (54272K), 5 survivors (5120K)
 Metaspace       used 72509K, committed 74112K, reserved 1114112K
  class space    used 9836K, committed 10624K, reserved 1048576K
}
Event: 4.719 GC heap after
{Heap after GC invocations=17 (full 0):
 garbage-first heap   total 115712K, used 52045K [0x0000000080000000, 0x0000000100000000)
  region size 1024K, 5 young (5120K), 5 survivors (5120K)
 Metaspace       used 72509K, committed 74112K, reserved 1114112K
  class space    used 9836K, committed 10624K, reserved 1048576K
}
Event: 4.900 GC heap before
{Heap before GC invocations=18 (full 0):
 garbage-first heap   total 115712K, used 108365K [0x0000000080000000, 0x0000000100000000)
  region size 1024K, 54 young (55296K), 5 survivors (5120K)
 Metaspace       used 73103K, committed 74688K, reserved 1114112K
  class space    used 9949K, committed 10752K, reserved 1048576K
}
Event: 4.903 GC heap after
{Heap after GC invocations=19 (full 0):
 garbage-first heap   total 118784K, used 62645K [0x0000000080000000, 0x0000000100000000)
  region size 1024K, 7 young (7168K), 7 survivors (7168K)
 Metaspace       used 73103K, committed 74688K, reserved 1114112K
  class space    used 9949K, committed 10752K, reserved 1048576K
}
Event: 5.222 GC heap before
{Heap before GC invocations=19 (full 0):
 garbage-first heap   total 118784K, used 109749K [0x0000000080000000, 0x0000000100000000)
  region size 1024K, 47 young (48128K), 7 survivors (7168K)
 Metaspace       used 76068K, committed 77696K, reserved 1179648K
  class space    used 10334K, committed 11136K, reserved 1048576K
}
Event: 5.225 GC heap after
{Heap after GC invocations=20 (full 0):
 garbage-first heap   total 124928K, used 74011K [0x0000000080000000, 0x0000000100000000)
  region size 1024K, 6 young (6144K), 6 survivors (6144K)
 Metaspace       used 76068K, committed 77696K, reserved 1179648K
  class space    used 10334K, committed 11136K, reserved 1048576K
}
Event: 5.541 GC heap before
{Heap before GC invocations=20 (full 0):
 garbage-first heap   total 124928K, used 109851K [0x0000000080000000, 0x0000000100000000)
  region size 1024K, 42 young (43008K), 6 survivors (6144K)
 Metaspace       used 79920K, committed 81600K, reserved 1179648K
  class space    used 10748K, committed 11584K, reserved 1048576K
}
Event: 5.543 GC heap after
{Heap after GC invocations=21 (full 0):
 garbage-first heap   total 150528K, used 75093K [0x0000000080000000, 0x0000000100000000)
  region size 1024K, 2 young (2048K), 2 survivors (2048K)
 Metaspace       used 79920K, committed 81600K, reserved 1179648K
  class space    used 10748K, committed 11584K, reserved 1048576K
}
Event: 5.938 GC heap before
{Heap before GC invocations=22 (full 0):
 garbage-first heap   total 150528K, used 139605K [0x0000000080000000, 0x0000000100000000)
  region size 1024K, 60 young (61440K), 2 survivors (2048K)
 Metaspace       used 84104K, committed 85952K, reserved 1179648K
  class space    used 11397K, committed 12288K, reserved 1048576K
}
Event: 5.941 GC heap after
{Heap after GC invocations=23 (full 0):
 garbage-first heap   total 150528K, used 81472K [0x0000000080000000, 0x0000000100000000)
  region size 1024K, 7 young (7168K), 7 survivors (7168K)
 Metaspace       used 84104K, committed 85952K, reserved 1179648K
  class space    used 11397K, committed 12288K, reserved 1048576K
}
Event: 6.327 GC heap before
{Heap before GC invocations=23 (full 0):
 garbage-first heap   total 150528K, used 134720K [0x0000000080000000, 0x0000000100000000)
  region size 1024K, 59 young (60416K), 7 survivors (7168K)
 Metaspace       used 89515K, committed 91328K, reserved 1179648K
  class space    used 12095K, committed 12992K, reserved 1048576K
}
Event: 6.330 GC heap after
{Heap after GC invocations=24 (full 0):
 garbage-first heap   total 150528K, used 83090K [0x0000000080000000, 0x0000000100000000)
  region size 1024K, 3 young (3072K), 3 survivors (3072K)
 Metaspace       used 89515K, committed 91328K, reserved 1179648K
  class space    used 12095K, committed 12992K, reserved 1048576K
}
Event: 6.589 GC heap before
{Heap before GC invocations=24 (full 0):
 garbage-first heap   total 150528K, used 118930K [0x0000000080000000, 0x0000000100000000)
  region size 1024K, 39 young (39936K), 3 survivors (3072K)
 Metaspace       used 92385K, committed 94144K, reserved 1179648K
  class space    used 12467K, committed 13376K, reserved 1048576K
}
Event: 6.592 GC heap after
{Heap after GC invocations=25 (full 0):
 garbage-first heap   total 150528K, used 84391K [0x0000000080000000, 0x0000000100000000)
  region size 1024K, 4 young (4096K), 4 survivors (4096K)
 Metaspace       used 92385K, committed 94144K, reserved 1179648K
  class space    used 12467K, committed 13376K, reserved 1048576K
}
Event: 6.892 GC heap before
{Heap before GC invocations=26 (full 0):
 garbage-first heap   total 150528K, used 140711K [0x0000000080000000, 0x0000000100000000)
  region size 1024K, 56 young (57344K), 4 survivors (4096K)
 Metaspace       used 94091K, committed 95936K, reserved 1179648K
  class space    used 12708K, committed 13632K, reserved 1048576K
}
Event: 6.896 GC heap after
{Heap after GC invocations=27 (full 0):
 garbage-first heap   total 150528K, used 92909K [0x0000000080000000, 0x0000000100000000)
  region size 1024K, 7 young (7168K), 7 survivors (7168K)
 Metaspace       used 94091K, committed 95936K, reserved 1179648K
  class space    used 12708K, committed 13632K, reserved 1048576K
}
Event: 7.168 GC heap before
{Heap before GC invocations=27 (full 0):
 garbage-first heap   total 150528K, used 135917K [0x0000000080000000, 0x0000000100000000)
  region size 1024K, 48 young (49152K), 7 survivors (7168K)
 Metaspace       used 97212K, committed 99136K, reserved 1179648K
  class space    used 13143K, committed 14080K, reserved 1048576K
}
Event: 7.172 GC heap after
{Heap after GC invocations=28 (full 0):
 garbage-first heap   total 150528K, used 94530K [0x0000000080000000, 0x0000000100000000)
  region size 1024K, 3 young (3072K), 3 survivors (3072K)
 Metaspace       used 97212K, committed 99136K, reserved 1179648K
  class space    used 13143K, committed 14080K, reserved 1048576K
}
Event: 7.506 GC heap before
{Heap before GC invocations=28 (full 0):
 garbage-first heap   total 150528K, used 138562K [0x0000000080000000, 0x0000000100000000)
  region size 1024K, 46 young (47104K), 3 survivors (3072K)
 Metaspace       used 100844K, committed 102720K, reserved 1179648K
  class space    used 13811K, committed 14720K, reserved 1048576K
}
Event: 7.509 GC heap after
{Heap after GC invocations=29 (full 0):
 garbage-first heap   total 181248K, used 95732K [0x0000000080000000, 0x0000000100000000)
  region size 1024K, 4 young (4096K), 4 survivors (4096K)
 Metaspace       used 100844K, committed 102720K, reserved 1179648K
  class space    used 13811K, committed 14720K, reserved 1048576K
}

