# JRE version: OpenJDK Runtime Environment (21.0.3) (build 21.0.3+-12282718-b509.11)
# Java VM: OpenJDK 64-Bit Server VM (21.0.3+-12282718-b509.11, mixed mode, tiered, compressed oops, compressed class ptrs, g1 gc, windows-amd64)
GC Precious Log:
 CardTable entry size: 512
 Card Set container configuration: InlinePtr #cards 5 size 8 Array Of Cards #cards 12 size 40 Howl #buckets 4 coarsen threshold 1843 Howl Bitmap #cards 512 size 80 coarsen threshold 460 Card regions per heap region 1 cards per card region 2048
 CPUs: 16 total, 16 available
 Memory: 16088M
 Large Page Support: Disabled
 NUMA Support: Disabled
 Compressed Oops: Enabled (32-bit)
 Heap Region Size: 1M
 Heap Min Capacity: 8M
 Heap Initial Capacity: 252M
 Heap Max Capacity: 2G
 Pre-touch: Disabled
 Parallel Workers: 13
 Concurrent Workers: 3
 Concurrent Refinement Workers: 13
 Periodic GC: Disabled
Heap:
 garbage-first heap   total 318464K, used 183912K [0x0000000080000000, 0x0000000100000000)
  region size 1024K, 37 young (37888K), 7 survivors (7168K)
 Metaspace       used 158434K, committed 160832K, reserved 1245184K
  class space    used 22042K, committed 23232K, reserved 1048576K
GC Heap History (20 events):
Event: 9.114 GC heap before
{Heap before GC invocations=32 (full 0):
 garbage-first heap   total 198656K, used 188720K [0x0000000080000000, 0x0000000100000000)
  region size 1024K, 69 young (70656K), 6 survivors (6144K)
 Metaspace       used 113381K, committed 115520K, reserved 1179648K
  class space    used 15538K, committed 16640K, reserved 1048576K
}
Event: 9.123 GC heap after
{Heap after GC invocations=33 (full 0):
 garbage-first heap   total 217088K, used 134068K [0x0000000080000000, 0x0000000100000000)
  region size 1024K, 9 young (9216K), 9 survivors (9216K)
 Metaspace       used 113381K, committed 115520K, reserved 1179648K
  class space    used 15538K, committed 16640K, reserved 1048576K
}
Event: 9.353 GC heap before
{Heap before GC invocations=33 (full 0):
 garbage-first heap   total 217088K, used 199604K [0x0000000080000000, 0x0000000100000000)
  region size 1024K, 59 young (60416K), 9 survivors (9216K)
 Metaspace       used 114713K, committed 116864K, reserved 1179648K
  class space    used 15671K, committed 16768K, reserved 1048576K
}
Event: 9.358 GC heap after
{Heap after GC invocations=34 (full 0):
 garbage-first heap   total 217088K, used 133761K [0x0000000080000000, 0x0000000100000000)
  region size 1024K, 4 young (4096K), 4 survivors (4096K)
 Metaspace       used 114713K, committed 116864K, reserved 1179648K
  class space    used 15671K, committed 16768K, reserved 1048576K
}
Event: 9.582 GC heap before
{Heap before GC invocations=34 (full 0):
 garbage-first heap   total 217088K, used 188033K [0x0000000080000000, 0x0000000100000000)
  region size 1024K, 58 young (59392K), 4 survivors (4096K)
 Metaspace       used 116951K, committed 119104K, reserved 1179648K
  class space    used 15887K, committed 16960K, reserved 1048576K
}
Event: 9.585 GC heap after
{Heap after GC invocations=35 (full 0):
 garbage-first heap   total 217088K, used 139730K [0x0000000080000000, 0x0000000100000000)
  region size 1024K, 8 young (8192K), 8 survivors (8192K)
 Metaspace       used 116951K, committed 119104K, reserved 1179648K
  class space    used 15887K, committed 16960K, reserved 1048576K
}
Event: 9.716 GC heap before
{Heap before GC invocations=36 (full 0):
 garbage-first heap   total 260096K, used 189906K [0x0000000080000000, 0x0000000100000000)
  region size 1024K, 58 young (59392K), 8 survivors (8192K)
 Metaspace       used 117073K, committed 119296K, reserved 1179648K
  class space    used 15904K, committed 17024K, reserved 1048576K
}
Event: 9.722 GC heap after
{Heap after GC invocations=37 (full 0):
 garbage-first heap   total 260096K, used 144348K [0x0000000080000000, 0x0000000100000000)
  region size 1024K, 7 young (7168K), 7 survivors (7168K)
 Metaspace       used 117073K, committed 119296K, reserved 1179648K
  class space    used 15904K, committed 17024K, reserved 1048576K
}
Event: 9.989 GC heap before
{Heap before GC invocations=37 (full 0):
 garbage-first heap   total 260096K, used 229340K [0x0000000080000000, 0x0000000100000000)
  region size 1024K, 91 young (93184K), 7 survivors (7168K)
 Metaspace       used 119434K, committed 121600K, reserved 1179648K
  class space    used 16121K, committed 17216K, reserved 1048576K
}
Event: 9.995 GC heap after
{Heap after GC invocations=38 (full 0):
 garbage-first heap   total 260096K, used 141922K [0x0000000080000000, 0x0000000100000000)
  region size 1024K, 6 young (6144K), 6 survivors (6144K)
 Metaspace       used 119434K, committed 121600K, reserved 1179648K
  class space    used 16121K, committed 17216K, reserved 1048576K
}
Event: 11.522 GC heap before
{Heap before GC invocations=38 (full 0):
 garbage-first heap   total 260096K, used 229986K [0x0000000080000000, 0x0000000100000000)
  region size 1024K, 93 young (95232K), 6 survivors (6144K)
 Metaspace       used 121756K, committed 123968K, reserved 1179648K
  class space    used 16381K, committed 17472K, reserved 1048576K
}
Event: 11.527 GC heap after
{Heap after GC invocations=39 (full 0):
 garbage-first heap   total 318464K, used 147314K [0x0000000080000000, 0x0000000100000000)
  region size 1024K, 11 young (11264K), 11 survivors (11264K)
 Metaspace       used 121756K, committed 123968K, reserved 1179648K
  class space    used 16381K, committed 17472K, reserved 1048576K
}
Event: 12.657 GC heap before
{Heap before GC invocations=40 (full 0):
 garbage-first heap   total 318464K, used 279410K [0x0000000080000000, 0x0000000100000000)
  region size 1024K, 142 young (145408K), 11 survivors (11264K)
 Metaspace       used 132646K, committed 134912K, reserved 1179648K
  class space    used 17749K, committed 18880K, reserved 1048576K
}
Event: 12.665 GC heap after
{Heap after GC invocations=41 (full 0):
 garbage-first heap   total 318464K, used 149795K [0x0000000080000000, 0x0000000100000000)
  region size 1024K, 16 young (16384K), 16 survivors (16384K)
 Metaspace       used 132646K, committed 134912K, reserved 1179648K
  class space    used 17749K, committed 18880K, reserved 1048576K
}
Event: 13.383 GC heap before
{Heap before GC invocations=41 (full 0):
 garbage-first heap   total 318464K, used 275747K [0x0000000080000000, 0x0000000100000000)
  region size 1024K, 138 young (141312K), 16 survivors (16384K)
 Metaspace       used 146346K, committed 148672K, reserved 1179648K
  class space    used 20137K, committed 21312K, reserved 1048576K
}
Event: 13.394 GC heap after
{Heap after GC invocations=42 (full 0):
 garbage-first heap   total 318464K, used 151911K [0x0000000080000000, 0x0000000100000000)
  region size 1024K, 18 young (18432K), 18 survivors (18432K)
 Metaspace       used 146346K, committed 148672K, reserved 1179648K
  class space    used 20137K, committed 21312K, reserved 1048576K
}
Event: 13.723 GC heap before
{Heap before GC invocations=42 (full 0):
 garbage-first heap   total 318464K, used 243047K [0x0000000080000000, 0x0000000100000000)
  region size 1024K, 109 young (111616K), 18 survivors (18432K)
 Metaspace       used 153853K, committed 156224K, reserved 1245184K
  class space    used 21353K, committed 22528K, reserved 1048576K
}
Event: 13.731 GC heap after
{Heap after GC invocations=43 (full 0):
 garbage-first heap   total 318464K, used 154541K [0x0000000080000000, 0x0000000100000000)
  region size 1024K, 6 young (6144K), 6 survivors (6144K)
 Metaspace       used 153853K, committed 156224K, reserved 1245184K
  class space    used 21353K, committed 22528K, reserved 1048576K
}
Event: 465.569 GC heap before
{Heap before GC invocations=44 (full 0):
 garbage-first heap   total 318464K, used 297901K [0x0000000080000000, 0x0000000100000000)
  region size 1024K, 133 young (136192K), 6 survivors (6144K)
 Metaspace       used 158250K, committed 160704K, reserved 1245184K
  class space    used 22042K, committed 23232K, reserved 1048576K
}
Event: 465.576 GC heap after
{Heap after GC invocations=45 (full 0):
 garbage-first heap   total 318464K, used 154216K [0x0000000080000000, 0x0000000100000000)
  region size 1024K, 7 young (7168K), 7 survivors (7168K)
 Metaspace       used 158250K, committed 160704K, reserved 1245184K
  class space    used 22042K, committed 23232K, reserved 1048576K
}

