# JRE version: OpenJDK Runtime Environment (21.0.3) (build 21.0.3+-12282718-b509.11)
# Java VM: OpenJDK 64-Bit Server VM (21.0.3+-12282718-b509.11, mixed mode, tiered, compressed oops, compressed class ptrs, g1 gc, windows-amd64)
GC Precious Log:
 CardTable entry size: 512
 Card Set container configuration: InlinePtr #cards 5 size 8 Array Of Cards #cards 12 size 40 Howl #buckets 4 coarsen threshold 1843 Howl Bitmap #cards 512 size 80 coarsen threshold 460 Card regions per heap region 1 cards per card region 2048
 CPUs: 16 total, 16 available
 Memory: 16088M
 Large Page Support: Disabled
 NUMA Support: Disabled
 Compressed Oops: Enabled (32-bit)
 Heap Region Size: 1M
 Heap Min Capacity: 8M
 Heap Initial Capacity: 252M
 Heap Max Capacity: 2G
 Pre-touch: Disabled
 Parallel Workers: 13
 Concurrent Workers: 3
 Concurrent Refinement Workers: 13
 Periodic GC: Disabled
Heap:
 garbage-first heap   total 374784K, used 251315K [0x0000000080000000, 0x0000000100000000)
  region size 1024K, 94 young (96256K), 3 survivors (3072K)
 Metaspace       used 161502K, committed 165696K, reserved 1245184K
  class space    used 21784K, committed 23616K, reserved 1048576K
GC Heap History (20 events):
Event: 1721.012 GC heap before
{Heap before GC invocations=59 (full 0):
 garbage-first heap   total 309248K, used 286451K [0x0000000080000000, 0x0000000100000000)
  region size 1024K, 114 young (116736K), 10 survivors (10240K)
 Metaspace       used 161283K, committed 163712K, reserved 1245184K
  class space    used 22336K, committed 23552K, reserved 1048576K
}
Event: 1721.016 GC heap after
{Heap after GC invocations=60 (full 0):
 garbage-first heap   total 309248K, used 167727K [0x0000000080000000, 0x0000000100000000)
  region size 1024K, 5 young (5120K), 5 survivors (5120K)
 Metaspace       used 161283K, committed 163712K, reserved 1245184K
  class space    used 22336K, committed 23552K, reserved 1048576K
}
Event: 1721.831 GC heap before
{Heap before GC invocations=60 (full 0):
 garbage-first heap   total 309248K, used 287535K [0x0000000080000000, 0x0000000100000000)
  region size 1024K, 115 young (117760K), 5 survivors (5120K)
 Metaspace       used 162494K, committed 164928K, reserved 1245184K
  class space    used 22393K, committed 23616K, reserved 1048576K
}
Event: 1721.844 GC heap after
{Heap after GC invocations=61 (full 0):
 garbage-first heap   total 315392K, used 162590K [0x0000000080000000, 0x0000000100000000)
  region size 1024K, 13 young (13312K), 13 survivors (13312K)
 Metaspace       used 162494K, committed 164928K, reserved 1245184K
  class space    used 22393K, committed 23616K, reserved 1048576K
}
Event: 1722.082 GC heap before
{Heap before GC invocations=61 (full 0):
 garbage-first heap   total 315392K, used 213790K [0x0000000080000000, 0x0000000100000000)
  region size 1024K, 65 young (66560K), 13 survivors (13312K)
 Metaspace       used 162904K, committed 165312K, reserved 1245184K
  class space    used 22421K, committed 23616K, reserved 1048576K
}
Event: 1722.086 GC heap after
{Heap after GC invocations=62 (full 0):
 garbage-first heap   total 315392K, used 159661K [0x0000000080000000, 0x0000000100000000)
  region size 1024K, 7 young (7168K), 7 survivors (7168K)
 Metaspace       used 162904K, committed 165312K, reserved 1245184K
  class space    used 22421K, committed 23616K, reserved 1048576K
}
Event: 2635.030 GC heap before
{Heap before GC invocations=63 (full 0):
 garbage-first heap   total 315392K, used 297901K [0x0000000080000000, 0x0000000100000000)
  region size 1024K, 131 young (134144K), 7 survivors (7168K)
 Metaspace       used 163115K, committed 165504K, reserved 1245184K
  class space    used 22422K, committed 23616K, reserved 1048576K
}
Event: 2635.034 GC heap after
{Heap after GC invocations=64 (full 0):
 garbage-first heap   total 315392K, used 152960K [0x0000000080000000, 0x0000000100000000)
  region size 1024K, 5 young (5120K), 5 survivors (5120K)
 Metaspace       used 163115K, committed 165504K, reserved 1245184K
  class space    used 22422K, committed 23616K, reserved 1048576K
}
Event: 2636.122 GC heap before
{Heap before GC invocations=64 (full 0):
 garbage-first heap   total 315392K, used 306560K [0x0000000080000000, 0x0000000100000000)
  region size 1024K, 139 young (142336K), 5 survivors (5120K)
 Metaspace       used 163382K, committed 165824K, reserved 1245184K
  class space    used 22426K, committed 23616K, reserved 1048576K
}
Event: 2636.133 GC heap after
{Heap after GC invocations=65 (full 0):
 garbage-first heap   total 329728K, used 155965K [0x0000000080000000, 0x0000000100000000)
  region size 1024K, 15 young (15360K), 15 survivors (15360K)
 Metaspace       used 163382K, committed 165824K, reserved 1245184K
  class space    used 22426K, committed 23616K, reserved 1048576K
}
Event: 2636.170 GC heap before
{Heap before GC invocations=65 (full 0):
 garbage-first heap   total 329728K, used 169277K [0x0000000080000000, 0x0000000100000000)
  region size 1024K, 29 young (29696K), 15 survivors (15360K)
 Metaspace       used 163396K, committed 165824K, reserved 1245184K
  class space    used 22426K, committed 23616K, reserved 1048576K
}
Event: 2636.175 GC heap after
{Heap after GC invocations=66 (full 0):
 garbage-first heap   total 329728K, used 158406K [0x0000000080000000, 0x0000000100000000)
  region size 1024K, 12 young (12288K), 12 survivors (12288K)
 Metaspace       used 163396K, committed 165824K, reserved 1245184K
  class space    used 22426K, committed 23616K, reserved 1048576K
}
Event: 2636.622 GC heap before
{Heap before GC invocations=67 (full 0):
 garbage-first heap   total 329728K, used 305862K [0x0000000080000000, 0x0000000100000000)
  region size 1024K, 149 young (152576K), 12 survivors (12288K)
 Metaspace       used 161225K, committed 165824K, reserved 1245184K
  class space    used 21803K, committed 23616K, reserved 1048576K
}
Event: 2636.628 GC heap after
{Heap after GC invocations=68 (full 0):
 garbage-first heap   total 329728K, used 162901K [0x0000000080000000, 0x0000000100000000)
  region size 1024K, 6 young (6144K), 6 survivors (6144K)
 Metaspace       used 161225K, committed 165824K, reserved 1245184K
  class space    used 21803K, committed 23616K, reserved 1048576K
}
Event: 2891.139 GC heap before
{Heap before GC invocations=68 (full 0):
 garbage-first heap   total 329728K, used 324693K [0x0000000080000000, 0x0000000100000000)
  region size 1024K, 145 young (148480K), 6 survivors (6144K)
 Metaspace       used 161464K, committed 165888K, reserved 1245184K
  class space    used 21806K, committed 23616K, reserved 1048576K
}
Event: 2891.146 GC heap after
{Heap after GC invocations=69 (full 0):
 garbage-first heap   total 347136K, used 170908K [0x0000000080000000, 0x0000000100000000)
  region size 1024K, 18 young (18432K), 18 survivors (18432K)
 Metaspace       used 161464K, committed 165888K, reserved 1245184K
  class space    used 21806K, committed 23616K, reserved 1048576K
}
Event: 2892.199 GC heap before
{Heap before GC invocations=69 (full 0):
 garbage-first heap   total 347136K, used 329628K [0x0000000080000000, 0x0000000100000000)
  region size 1024K, 153 young (156672K), 18 survivors (18432K)
 Metaspace       used 161925K, committed 165888K, reserved 1245184K
  class space    used 21827K, committed 23616K, reserved 1048576K
}
Event: 2892.215 GC heap after
{Heap after GC invocations=70 (full 0):
 garbage-first heap   total 374784K, used 174492K [0x0000000080000000, 0x0000000100000000)
  region size 1024K, 17 young (17408K), 17 survivors (17408K)
 Metaspace       used 161925K, committed 165888K, reserved 1245184K
  class space    used 21827K, committed 23616K, reserved 1048576K
}
Event: 2892.310 GC heap before
{Heap before GC invocations=70 (full 0):
 garbage-first heap   total 374784K, used 201116K [0x0000000080000000, 0x0000000100000000)
  region size 1024K, 44 young (45056K), 17 survivors (17408K)
 Metaspace       used 162060K, committed 165888K, reserved 1245184K
  class space    used 21829K, committed 23616K, reserved 1048576K
}
Event: 2892.312 GC heap after
{Heap after GC invocations=71 (full 0):
 garbage-first heap   total 374784K, used 164275K [0x0000000080000000, 0x0000000100000000)
  region size 1024K, 3 young (3072K), 3 survivors (3072K)
 Metaspace       used 162060K, committed 165888K, reserved 1245184K
  class space    used 21829K, committed 23616K, reserved 1048576K
}

