# JRE version: OpenJDK Runtime Environment (21.0.3) (build 21.0.3+-12282718-b509.11)
# Java VM: OpenJDK 64-Bit Server VM (21.0.3+-12282718-b509.11, mixed mode, tiered, compressed oops, compressed class ptrs, g1 gc, windows-amd64)
GC Precious Log:
 CardTable entry size: 512
 Card Set container configuration: InlinePtr #cards 5 size 8 Array Of Cards #cards 12 size 40 Howl #buckets 4 coarsen threshold 1843 Howl Bitmap #cards 512 size 80 coarsen threshold 460 Card regions per heap region 1 cards per card region 2048
 CPUs: 16 total, 16 available
 Memory: 16088M
 Large Page Support: Disabled
 NUMA Support: Disabled
 Compressed Oops: Enabled (32-bit)
 Heap Region Size: 1M
 Heap Min Capacity: 8M
 Heap Initial Capacity: 252M
 Heap Max Capacity: 2G
 Pre-touch: Disabled
 Parallel Workers: 13
 Concurrent Workers: 3
 Concurrent Refinement Workers: 13
 Periodic GC: Disabled
Heap:
 garbage-first heap   total 168960K, used 102502K [0x0000000080000000, 0x0000000100000000)
  region size 1024K, 31 young (31744K), 7 survivors (7168K)
 Metaspace       used 81640K, committed 83392K, reserved 1179648K
  class space    used 11052K, committed 11904K, reserved 1048576K
GC Heap History (20 events):
Event: 2.201 GC heap before
{Heap before GC invocations=8 (full 0):
 garbage-first heap   total 91136K, used 72580K [0x0000000080000000, 0x0000000100000000)
  region size 1024K, 49 young (50176K), 3 survivors (3072K)
 Metaspace       used 44169K, committed 45376K, reserved 1114112K
  class space    used 5961K, committed 6528K, reserved 1048576K
}
Event: 2.204 GC heap after
{Heap after GC invocations=9 (full 0):
 garbage-first heap   total 126976K, used 30635K [0x0000000080000000, 0x0000000100000000)
  region size 1024K, 7 young (7168K), 7 survivors (7168K)
 Metaspace       used 44169K, committed 45376K, reserved 1114112K
  class space    used 5961K, committed 6528K, reserved 1048576K
}
Event: 2.585 GC heap before
{Heap before GC invocations=9 (full 0):
 garbage-first heap   total 126976K, used 98219K [0x0000000080000000, 0x0000000100000000)
  region size 1024K, 74 young (75776K), 7 survivors (7168K)
 Metaspace       used 48784K, committed 50112K, reserved 1114112K
  class space    used 6634K, committed 7296K, reserved 1048576K
}
Event: 2.589 GC heap after
{Heap after GC invocations=10 (full 0):
 garbage-first heap   total 126976K, used 35750K [0x0000000080000000, 0x0000000100000000)
  region size 1024K, 10 young (10240K), 10 survivors (10240K)
 Metaspace       used 48784K, committed 50112K, reserved 1114112K
  class space    used 6634K, committed 7296K, reserved 1048576K
}
Event: 3.019 GC heap before
{Heap before GC invocations=10 (full 0):
 garbage-first heap   total 126976K, used 102310K [0x0000000080000000, 0x0000000100000000)
  region size 1024K, 74 young (75776K), 10 survivors (10240K)
 Metaspace       used 58162K, committed 59584K, reserved 1114112K
  class space    used 7911K, committed 8576K, reserved 1048576K
}
Event: 3.023 GC heap after
{Heap after GC invocations=11 (full 0):
 garbage-first heap   total 126976K, used 37578K [0x0000000080000000, 0x0000000100000000)
  region size 1024K, 8 young (8192K), 8 survivors (8192K)
 Metaspace       used 58162K, committed 59584K, reserved 1114112K
  class space    used 7911K, committed 8576K, reserved 1048576K
}
Event: 3.106 GC heap before
{Heap before GC invocations=11 (full 0):
 garbage-first heap   total 126976K, used 46794K [0x0000000080000000, 0x0000000100000000)
  region size 1024K, 18 young (18432K), 8 survivors (8192K)
 Metaspace       used 59509K, committed 60928K, reserved 1114112K
  class space    used 8112K, committed 8768K, reserved 1048576K
}
Event: 3.109 GC heap after
{Heap after GC invocations=12 (full 0):
 garbage-first heap   total 126976K, used 38151K [0x0000000080000000, 0x0000000100000000)
  region size 1024K, 4 young (4096K), 4 survivors (4096K)
 Metaspace       used 59509K, committed 60928K, reserved 1114112K
  class space    used 8112K, committed 8768K, reserved 1048576K
}
Event: 3.679 GC heap before
{Heap before GC invocations=13 (full 0):
 garbage-first heap   total 126976K, used 107783K [0x0000000080000000, 0x0000000100000000)
  region size 1024K, 72 young (73728K), 4 survivors (4096K)
 Metaspace       used 65290K, committed 66880K, reserved 1114112K
  class space    used 8975K, committed 9792K, reserved 1048576K
}
Event: 3.683 GC heap after
{Heap after GC invocations=14 (full 0):
 garbage-first heap   total 126976K, used 45910K [0x0000000080000000, 0x0000000100000000)
  region size 1024K, 9 young (9216K), 9 survivors (9216K)
 Metaspace       used 65290K, committed 66880K, reserved 1114112K
  class space    used 8975K, committed 9792K, reserved 1048576K
}
Event: 3.819 GC heap before
{Heap before GC invocations=14 (full 0):
 garbage-first heap   total 126976K, used 106326K [0x0000000080000000, 0x0000000100000000)
  region size 1024K, 69 young (70656K), 9 survivors (9216K)
 Metaspace       used 65870K, committed 67456K, reserved 1114112K
  class space    used 9003K, committed 9792K, reserved 1048576K
}
Event: 3.824 GC heap after
{Heap after GC invocations=15 (full 0):
 garbage-first heap   total 126976K, used 48652K [0x0000000080000000, 0x0000000100000000)
  region size 1024K, 5 young (5120K), 5 survivors (5120K)
 Metaspace       used 65870K, committed 67456K, reserved 1114112K
  class space    used 9003K, committed 9792K, reserved 1048576K
}
Event: 3.903 GC heap before
{Heap before GC invocations=15 (full 0):
 garbage-first heap   total 126976K, used 108044K [0x0000000080000000, 0x0000000100000000)
  region size 1024K, 64 young (65536K), 5 survivors (5120K)
 Metaspace       used 65946K, committed 67520K, reserved 1114112K
  class space    used 9004K, committed 9792K, reserved 1048576K
}
Event: 3.905 GC heap after
{Heap after GC invocations=16 (full 0):
 garbage-first heap   total 126976K, used 49183K [0x0000000080000000, 0x0000000100000000)
  region size 1024K, 6 young (6144K), 6 survivors (6144K)
 Metaspace       used 65946K, committed 67520K, reserved 1114112K
  class space    used 9004K, committed 9792K, reserved 1048576K
}
Event: 3.993 GC heap before
{Heap before GC invocations=16 (full 0):
 garbage-first heap   total 126976K, used 87071K [0x0000000080000000, 0x0000000100000000)
  region size 1024K, 45 young (46080K), 6 survivors (6144K)
 Metaspace       used 66176K, committed 67840K, reserved 1114112K
  class space    used 9040K, committed 9856K, reserved 1048576K
}
Event: 3.995 GC heap after
{Heap after GC invocations=17 (full 0):
 garbage-first heap   total 154624K, used 50416K [0x0000000080000000, 0x0000000100000000)
  region size 1024K, 5 young (5120K), 5 survivors (5120K)
 Metaspace       used 66176K, committed 67840K, reserved 1114112K
  class space    used 9040K, committed 9856K, reserved 1048576K
}
Event: 4.478 GC heap before
{Heap before GC invocations=18 (full 0):
 garbage-first heap   total 154624K, used 148720K [0x0000000080000000, 0x0000000100000000)
  region size 1024K, 88 young (90112K), 5 survivors (5120K)
 Metaspace       used 73401K, committed 75072K, reserved 1114112K
  class space    used 9924K, committed 10752K, reserved 1048576K
}
Event: 4.484 GC heap after
{Heap after GC invocations=19 (full 0):
 garbage-first heap   total 163840K, used 71987K [0x0000000080000000, 0x0000000100000000)
  region size 1024K, 11 young (11264K), 11 survivors (11264K)
 Metaspace       used 73401K, committed 75072K, reserved 1114112K
  class space    used 9924K, committed 10752K, reserved 1048576K
}
Event: 4.891 GC heap before
{Heap before GC invocations=19 (full 0):
 garbage-first heap   total 163840K, used 148787K [0x0000000080000000, 0x0000000100000000)
  region size 1024K, 81 young (82944K), 11 survivors (11264K)
 Metaspace       used 79544K, committed 81280K, reserved 1179648K
  class space    used 10774K, committed 11648K, reserved 1048576K
}
Event: 4.896 GC heap after
{Heap after GC invocations=20 (full 0):
 garbage-first heap   total 168960K, used 78950K [0x0000000080000000, 0x0000000100000000)
  region size 1024K, 7 young (7168K), 7 survivors (7168K)
 Metaspace       used 79544K, committed 81280K, reserved 1179648K
  class space    used 10774K, committed 11648K, reserved 1048576K
}

