# JRE version: OpenJDK Runtime Environment (21.0.3) (build 21.0.3+-12282718-b509.11)
# Java VM: OpenJDK 64-Bit Server VM (21.0.3+-12282718-b509.11, mixed mode, tiered, compressed oops, compressed class ptrs, g1 gc, windows-amd64)
GC Precious Log:
 CardTable entry size: 512
 Card Set container configuration: InlinePtr #cards 5 size 8 Array Of Cards #cards 12 size 40 Howl #buckets 4 coarsen threshold 1843 Howl Bitmap #cards 512 size 80 coarsen threshold 460 Card regions per heap region 1 cards per card region 2048
 CPUs: 16 total, 16 available
 Memory: 16088M
 Large Page Support: Disabled
 NUMA Support: Disabled
 Compressed Oops: Enabled (32-bit)
 Heap Region Size: 1M
 Heap Min Capacity: 8M
 Heap Initial Capacity: 252M
 Heap Max Capacity: 2G
 Pre-touch: Disabled
 Parallel Workers: 13
 Concurrent Workers: 3
 Concurrent Refinement Workers: 13
 Periodic GC: Disabled
Heap:
 garbage-first heap   total 202752K, used 168011K [0x0000000080000000, 0x0000000100000000)
  region size 1024K, 63 young (64512K), 11 survivors (11264K)
 Metaspace       used 112640K, committed 114752K, reserved 1179648K
  class space    used 15451K, committed 16512K, reserved 1048576K
GC Heap History (20 events):
Event: 6.244 GC heap before
{Heap before GC invocations=19 (full 0):
 garbage-first heap   total 126976K, used 124530K [0x0000000080000000, 0x0000000100000000)
  region size 1024K, 65 young (66560K), 6 survivors (6144K)
 Metaspace       used 70590K, committed 72320K, reserved 1114112K
  class space    used 9627K, committed 10496K, reserved 1048576K
}
Event: 6.249 GC heap after
{Heap after GC invocations=20 (full 0):
 garbage-first heap   total 168960K, used 71742K [0x0000000080000000, 0x0000000100000000)
  region size 1024K, 9 young (9216K), 9 survivors (9216K)
 Metaspace       used 70590K, committed 72320K, reserved 1114112K
  class space    used 9627K, committed 10496K, reserved 1048576K
}
Event: 6.707 GC heap before
{Heap before GC invocations=20 (full 0):
 garbage-first heap   total 168960K, used 145470K [0x0000000080000000, 0x0000000100000000)
  region size 1024K, 76 young (77824K), 9 survivors (9216K)
 Metaspace       used 77367K, committed 79104K, reserved 1179648K
  class space    used 10511K, committed 11392K, reserved 1048576K
}
Event: 6.711 GC heap after
{Heap after GC invocations=21 (full 0):
 garbage-first heap   total 168960K, used 78518K [0x0000000080000000, 0x0000000100000000)
  region size 1024K, 6 young (6144K), 6 survivors (6144K)
 Metaspace       used 77367K, committed 79104K, reserved 1179648K
  class space    used 10511K, committed 11392K, reserved 1048576K
}
Event: 7.190 GC heap before
{Heap before GC invocations=21 (full 0):
 garbage-first heap   total 168960K, used 145078K [0x0000000080000000, 0x0000000100000000)
  region size 1024K, 71 young (72704K), 6 survivors (6144K)
 Metaspace       used 83843K, committed 85632K, reserved 1179648K
  class space    used 11343K, committed 12224K, reserved 1048576K
}
Event: 7.194 GC heap after
{Heap after GC invocations=22 (full 0):
 garbage-first heap   total 168960K, used 82007K [0x0000000080000000, 0x0000000100000000)
  region size 1024K, 4 young (4096K), 4 survivors (4096K)
 Metaspace       used 83843K, committed 85632K, reserved 1179648K
  class space    used 11343K, committed 12224K, reserved 1048576K
}
Event: 7.637 GC heap before
{Heap before GC invocations=23 (full 0):
 garbage-first heap   total 168960K, used 150615K [0x0000000080000000, 0x0000000100000000)
  region size 1024K, 68 young (69632K), 4 survivors (4096K)
 Metaspace       used 87995K, committed 89856K, reserved 1179648K
  class space    used 11911K, committed 12864K, reserved 1048576K
}
Event: 7.640 GC heap after
{Heap after GC invocations=24 (full 0):
 garbage-first heap   total 168960K, used 90775K [0x0000000080000000, 0x0000000100000000)
  region size 1024K, 9 young (9216K), 9 survivors (9216K)
 Metaspace       used 87995K, committed 89856K, reserved 1179648K
  class space    used 11911K, committed 12864K, reserved 1048576K
}
Event: 7.967 GC heap before
{Heap before GC invocations=24 (full 0):
 garbage-first heap   total 168960K, used 151191K [0x0000000080000000, 0x0000000100000000)
  region size 1024K, 67 young (68608K), 9 survivors (9216K)
 Metaspace       used 91046K, committed 92864K, reserved 1179648K
  class space    used 12322K, committed 13248K, reserved 1048576K
}
Event: 7.974 GC heap after
{Heap after GC invocations=25 (full 0):
 garbage-first heap   total 168960K, used 93171K [0x0000000080000000, 0x0000000100000000)
  region size 1024K, 6 young (6144K), 6 survivors (6144K)
 Metaspace       used 91046K, committed 92864K, reserved 1179648K
  class space    used 12322K, committed 13248K, reserved 1048576K
}
Event: 8.421 GC heap before
{Heap before GC invocations=25 (full 0):
 garbage-first heap   total 168960K, used 150515K [0x0000000080000000, 0x0000000100000000)
  region size 1024K, 62 young (63488K), 6 survivors (6144K)
 Metaspace       used 95639K, committed 97536K, reserved 1179648K
  class space    used 13115K, committed 14080K, reserved 1048576K
}
Event: 8.426 GC heap after
{Heap after GC invocations=26 (full 0):
 garbage-first heap   total 168960K, used 94783K [0x0000000080000000, 0x0000000100000000)
  region size 1024K, 3 young (3072K), 3 survivors (3072K)
 Metaspace       used 95639K, committed 97536K, reserved 1179648K
  class space    used 13115K, committed 14080K, reserved 1048576K
}
Event: 8.847 GC heap before
{Heap before GC invocations=27 (full 0):
 garbage-first heap   total 168960K, used 153151K [0x0000000080000000, 0x0000000100000000)
  region size 1024K, 60 young (61440K), 3 survivors (3072K)
 Metaspace       used 99562K, committed 101568K, reserved 1179648K
  class space    used 13705K, committed 14720K, reserved 1048576K
}
Event: 8.851 GC heap after
{Heap after GC invocations=28 (full 0):
 garbage-first heap   total 168960K, used 98715K [0x0000000080000000, 0x0000000100000000)
  region size 1024K, 7 young (7168K), 7 survivors (7168K)
 Metaspace       used 99562K, committed 101568K, reserved 1179648K
  class space    used 13705K, committed 14720K, reserved 1048576K
}
Event: 9.196 GC heap before
{Heap before GC invocations=28 (full 0):
 garbage-first heap   total 168960K, used 150939K [0x0000000080000000, 0x0000000100000000)
  region size 1024K, 58 young (59392K), 7 survivors (7168K)
 Metaspace       used 103648K, committed 105728K, reserved 1179648K
  class space    used 14332K, committed 15360K, reserved 1048576K
}
Event: 9.201 GC heap after
{Heap after GC invocations=29 (full 0):
 garbage-first heap   total 168960K, used 98883K [0x0000000080000000, 0x0000000100000000)
  region size 1024K, 7 young (7168K), 7 survivors (7168K)
 Metaspace       used 103648K, committed 105728K, reserved 1179648K
  class space    used 14332K, committed 15360K, reserved 1048576K
}
Event: 9.557 GC heap before
{Heap before GC invocations=29 (full 0):
 garbage-first heap   total 168960K, used 151107K [0x0000000080000000, 0x0000000100000000)
  region size 1024K, 58 young (59392K), 7 survivors (7168K)
 Metaspace       used 107748K, committed 109760K, reserved 1179648K
  class space    used 14869K, committed 15872K, reserved 1048576K
}
Event: 9.562 GC heap after
{Heap after GC invocations=30 (full 0):
 garbage-first heap   total 202752K, used 103341K [0x0000000080000000, 0x0000000100000000)
  region size 1024K, 7 young (7168K), 7 survivors (7168K)
 Metaspace       used 107748K, committed 109760K, reserved 1179648K
  class space    used 14869K, committed 15872K, reserved 1048576K
}
Event: 9.909 GC heap before
{Heap before GC invocations=31 (full 0):
 garbage-first heap   total 202752K, used 181165K [0x0000000080000000, 0x0000000100000000)
  region size 1024K, 84 young (86016K), 7 survivors (7168K)
 Metaspace       used 109627K, committed 111680K, reserved 1179648K
  class space    used 15166K, committed 16192K, reserved 1048576K
}
Event: 9.914 GC heap after
{Heap after GC invocations=32 (full 0):
 garbage-first heap   total 202752K, used 109643K [0x0000000080000000, 0x0000000100000000)
  region size 1024K, 11 young (11264K), 11 survivors (11264K)
 Metaspace       used 109627K, committed 111680K, reserved 1179648K
  class space    used 15166K, committed 16192K, reserved 1048576K
}

