# JRE version: OpenJDK Runtime Environment (21.0.3) (build 21.0.3+-12282718-b509.11)
# Java VM: OpenJDK 64-Bit Server VM (21.0.3+-12282718-b509.11, mixed mode, tiered, compressed oops, compressed class ptrs, g1 gc, windows-amd64)
GC Precious Log:
 CardTable entry size: 512
 Card Set container configuration: InlinePtr #cards 5 size 8 Array Of Cards #cards 12 size 40 Howl #buckets 4 coarsen threshold 1843 Howl Bitmap #cards 512 size 80 coarsen threshold 460 Card regions per heap region 1 cards per card region 2048
 CPUs: 16 total, 16 available
 Memory: 16088M
 Large Page Support: Disabled
 NUMA Support: Disabled
 Compressed Oops: Enabled (32-bit)
 Heap Region Size: 1M
 Heap Min Capacity: 8M
 Heap Initial Capacity: 252M
 Heap Max Capacity: 2G
 Pre-touch: Disabled
 Parallel Workers: 13
 Concurrent Workers: 3
 Concurrent Refinement Workers: 13
 Periodic GC: Disabled
Heap:
 garbage-first heap   total 251904K, used 205912K [0x0000000080000000, 0x0000000100000000)
  region size 1024K, 94 young (96256K), 8 survivors (8192K)
 Metaspace       used 118050K, committed 120256K, reserved 1179648K
  class space    used 16216K, committed 17344K, reserved 1048576K
GC Heap History (20 events):
Event: 8.799 GC heap before
{Heap before GC invocations=24 (full 0):
 garbage-first heap   total 155648K, used 114942K [0x0000000080000000, 0x0000000100000000)
  region size 1024K, 33 young (33792K), 3 survivors (3072K)
 Metaspace       used 92669K, committed 94528K, reserved 1179648K
  class space    used 12498K, committed 13440K, reserved 1048576K
}
Event: 8.802 GC heap after
{Heap after GC invocations=25 (full 0):
 garbage-first heap   total 155648K, used 86426K [0x0000000080000000, 0x0000000100000000)
  region size 1024K, 4 young (4096K), 4 survivors (4096K)
 Metaspace       used 92669K, committed 94528K, reserved 1179648K
  class space    used 12498K, committed 13440K, reserved 1048576K
}
Event: 9.114 GC heap before
{Heap before GC invocations=26 (full 0):
 garbage-first heap   total 155648K, used 144794K [0x0000000080000000, 0x0000000100000000)
  region size 1024K, 58 young (59392K), 4 survivors (4096K)
 Metaspace       used 94505K, committed 96320K, reserved 1179648K
  class space    used 12754K, committed 13696K, reserved 1048576K
}
Event: 9.118 GC heap after
{Heap after GC invocations=27 (full 0):
 garbage-first heap   total 187392K, used 94533K [0x0000000080000000, 0x0000000100000000)
  region size 1024K, 8 young (8192K), 8 survivors (8192K)
 Metaspace       used 94505K, committed 96320K, reserved 1179648K
  class space    used 12754K, committed 13696K, reserved 1048576K
}
Event: 9.633 GC heap before
{Heap before GC invocations=27 (full 0):
 garbage-first heap   total 187392K, used 165189K [0x0000000080000000, 0x0000000100000000)
  region size 1024K, 77 young (78848K), 8 survivors (8192K)
 Metaspace       used 100000K, committed 101888K, reserved 1179648K
  class space    used 13669K, committed 14592K, reserved 1048576K
}
Event: 9.639 GC heap after
{Heap after GC invocations=28 (full 0):
 garbage-first heap   total 187392K, used 97194K [0x0000000080000000, 0x0000000100000000)
  region size 1024K, 9 young (9216K), 9 survivors (9216K)
 Metaspace       used 100000K, committed 101888K, reserved 1179648K
  class space    used 13669K, committed 14592K, reserved 1048576K
}
Event: 10.146 GC heap before
{Heap before GC invocations=28 (full 0):
 garbage-first heap   total 187392K, used 166826K [0x0000000080000000, 0x0000000100000000)
  region size 1024K, 77 young (78848K), 9 survivors (9216K)
 Metaspace       used 105190K, committed 107200K, reserved 1179648K
  class space    used 14415K, committed 15424K, reserved 1048576K
}
Event: 10.151 GC heap after
{Heap after GC invocations=29 (full 0):
 garbage-first heap   total 187392K, used 100830K [0x0000000080000000, 0x0000000100000000)
  region size 1024K, 8 young (8192K), 8 survivors (8192K)
 Metaspace       used 105190K, committed 107200K, reserved 1179648K
  class space    used 14415K, committed 15424K, reserved 1048576K
}
Event: 10.615 GC heap before
{Heap before GC invocations=29 (full 0):
 garbage-first heap   total 187392K, used 167390K [0x0000000080000000, 0x0000000100000000)
  region size 1024K, 73 young (74752K), 8 survivors (8192K)
 Metaspace       used 111179K, committed 113280K, reserved 1179648K
  class space    used 15255K, committed 16320K, reserved 1048576K
}
Event: 10.621 GC heap after
{Heap after GC invocations=30 (full 0):
 garbage-first heap   total 187392K, used 104473K [0x0000000080000000, 0x0000000100000000)
  region size 1024K, 8 young (8192K), 8 survivors (8192K)
 Metaspace       used 111179K, committed 113280K, reserved 1179648K
  class space    used 15255K, committed 16320K, reserved 1048576K
}
Event: 11.124 GC heap before
{Heap before GC invocations=31 (full 0):
 garbage-first heap   total 187392K, used 166937K [0x0000000080000000, 0x0000000100000000)
  region size 1024K, 70 young (71680K), 8 survivors (8192K)
 Metaspace       used 115074K, committed 117184K, reserved 1179648K
  class space    used 15867K, committed 16896K, reserved 1048576K
}
Event: 11.129 GC heap after
{Heap after GC invocations=32 (full 0):
 garbage-first heap   total 187392K, used 110000K [0x0000000080000000, 0x0000000100000000)
  region size 1024K, 9 young (9216K), 9 survivors (9216K)
 Metaspace       used 115074K, committed 117184K, reserved 1179648K
  class space    used 15867K, committed 16896K, reserved 1048576K
}
Event: 11.232 GC heap before
{Heap before GC invocations=32 (full 0):
 garbage-first heap   total 187392K, used 167344K [0x0000000080000000, 0x0000000100000000)
  region size 1024K, 65 young (66560K), 9 survivors (9216K)
 Metaspace       used 115094K, committed 117184K, reserved 1179648K
  class space    used 15869K, committed 16896K, reserved 1048576K
}
Event: 11.237 GC heap after
{Heap after GC invocations=33 (full 0):
 garbage-first heap   total 187392K, used 112947K [0x0000000080000000, 0x0000000100000000)
  region size 1024K, 5 young (5120K), 5 survivors (5120K)
 Metaspace       used 115094K, committed 117184K, reserved 1179648K
  class space    used 15869K, committed 16896K, reserved 1048576K
}
Event: 11.466 GC heap before
{Heap before GC invocations=33 (full 0):
 garbage-first heap   total 187392K, used 170291K [0x0000000080000000, 0x0000000100000000)
  region size 1024K, 62 young (63488K), 5 survivors (5120K)
 Metaspace       used 115670K, committed 117760K, reserved 1179648K
  class space    used 15979K, committed 17024K, reserved 1048576K
}
Event: 11.469 GC heap after
{Heap after GC invocations=34 (full 0):
 garbage-first heap   total 187392K, used 115520K [0x0000000080000000, 0x0000000100000000)
  region size 1024K, 7 young (7168K), 7 survivors (7168K)
 Metaspace       used 115670K, committed 117760K, reserved 1179648K
  class space    used 15979K, committed 17024K, reserved 1048576K
}
Event: 11.682 GC heap before
{Heap before GC invocations=35 (full 0):
 garbage-first heap   total 209920K, used 167744K [0x0000000080000000, 0x0000000100000000)
  region size 1024K, 59 young (60416K), 7 survivors (7168K)
 Metaspace       used 116009K, committed 118144K, reserved 1179648K
  class space    used 16015K, committed 17088K, reserved 1048576K
}
Event: 11.686 GC heap after
{Heap after GC invocations=36 (full 0):
 garbage-first heap   total 209920K, used 117977K [0x0000000080000000, 0x0000000100000000)
  region size 1024K, 5 young (5120K), 5 survivors (5120K)
 Metaspace       used 116009K, committed 118144K, reserved 1179648K
  class space    used 16015K, committed 17088K, reserved 1048576K
}
Event: 11.935 GC heap before
{Heap before GC invocations=36 (full 0):
 garbage-first heap   total 209920K, used 191705K [0x0000000080000000, 0x0000000100000000)
  region size 1024K, 78 young (79872K), 5 survivors (5120K)
 Metaspace       used 117296K, committed 119488K, reserved 1179648K
  class space    used 16201K, committed 17344K, reserved 1048576K
}
Event: 11.939 GC heap after
{Heap after GC invocations=37 (full 0):
 garbage-first heap   total 251904K, used 119896K [0x0000000080000000, 0x0000000100000000)
  region size 1024K, 8 young (8192K), 8 survivors (8192K)
 Metaspace       used 117296K, committed 119488K, reserved 1179648K
  class space    used 16201K, committed 17344K, reserved 1048576K
}

